This is XeTeX, Version 3.14159265-2.6-0.99996 (TeX Live 2016/W32TeX) (preloaded format=xelatex 2016.12.12)  21 DEC 2016 17:10
entering extended mode
 restricted \write18 enabled.
 %&-line parsing enabled.
**./document.tex
(./document.tex
LaTeX2e <2016/03/31> patch level 3
Babel <3.9r> and hyphenation patterns for 35 language(s) loaded.
(c:/texlive/2016/texmf-dist/tex/latex/base/article.cls
Document Class: article 2014/09/29 v1.4h Standard LaTeX document class
(c:/texlive/2016/texmf-dist/tex/latex/base/size10.clo
File: size10.clo 2014/09/29 v1.4h Standard LaTeX file (size option)
)
\c@part=\count79
\c@section=\count80
\c@subsection=\count81
\c@subsubsection=\count82
\c@paragraph=\count83
\c@subparagraph=\count84
\c@figure=\count85
\c@table=\count86
\abovecaptionskip=\skip41
\belowcaptionskip=\skip42
\bibindent=\dimen102
)
(c:/texlive/2016/texmf-dist/tex/latex/geometry/geometry.sty
Package: geometry 2010/09/12 v5.6 Page Geometry

(c:/texlive/2016/texmf-dist/tex/latex/graphics/keyval.sty
Package: keyval 2014/10/28 v1.15 key=value parser (DPC)
\KV@toks@=\toks14
)
(c:/texlive/2016/texmf-dist/tex/generic/oberdiek/ifpdf.sty
Package: ifpdf 2016/05/14 v3.1 Provides the ifpdf switch
)
(c:/texlive/2016/texmf-dist/tex/generic/oberdiek/ifvtex.sty
Package: ifvtex 2016/05/16 v1.6 Detect VTeX and its facilities (HO)
Package ifvtex Info: VTeX not detected.
)
(c:/texlive/2016/texmf-dist/tex/generic/ifxetex/ifxetex.sty
Package: ifxetex 2010/09/12 v0.6 Provides ifxetex conditional
)
\Gm@cnth=\count87
\Gm@cntv=\count88
\c@Gm@tempcnt=\count89
\Gm@bindingoffset=\dimen103
\Gm@wd@mp=\dimen104
\Gm@odd@mp=\dimen105
\Gm@even@mp=\dimen106
\Gm@layoutwidth=\dimen107
\Gm@layoutheight=\dimen108
\Gm@layouthoffset=\dimen109
\Gm@layoutvoffset=\dimen110
\Gm@dimlist=\toks15
)
(c:/texlive/2016/texmf-dist/tex/latex/animate/animate.sty
Package: animate 2016/09/07 PDF animations from files and inline graphics

(c:/texlive/2016/texmf-dist/tex/latex/base/ifthen.sty
Package: ifthen 2014/09/29 v1.1c Standard LaTeX ifthen package (DPC)
)
(c:/texlive/2016/texmf-dist/tex/generic/oberdiek/ifluatex.sty
Package: ifluatex 2016/05/16 v1.4 Provides the ifluatex switch (HO)
Package ifluatex Info: LuaTeX not detected.
)
(c:/texlive/2016/texmf-dist/tex/latex/oberdiek/ifdraft.sty
Package: ifdraft 2016/05/16 v1.4 Detect class options draft and final (HO)
)
(c:/texlive/2016/texmf-dist/tex/latex/tools/calc.sty
Package: calc 2014/10/28 v4.3 Infix arithmetic (KKT,FJ)
\calc@Acount=\count90
\calc@Bcount=\count91
\calc@Adimen=\dimen111
\calc@Bdimen=\dimen112
\calc@Askip=\skip43
\calc@Bskip=\skip44
LaTeX Info: Redefining \setlength on input line 80.
LaTeX Info: Redefining \addtolength on input line 81.
\calc@Ccount=\count92
\calc@Cskip=\skip45
)
(c:/texlive/2016/texmf-dist/tex/latex/oberdiek/atenddvi.sty
Package: atenddvi 2016/05/16 v1.2 At end DVI hook (HO)

(c:/texlive/2016/texmf-dist/tex/latex/oberdiek/zref-abspage.sty
Package: zref-abspage 2016/05/21 v2.26 Module abspage for zref (HO)

(c:/texlive/2016/texmf-dist/tex/latex/oberdiek/zref-base.sty
Package: zref-base 2016/05/21 v2.26 Module base for zref (HO)

(c:/texlive/2016/texmf-dist/tex/generic/oberdiek/ltxcmds.sty
Package: ltxcmds 2016/05/16 v1.23 LaTeX kernel commands for general use (HO)
)
(c:/texlive/2016/texmf-dist/tex/generic/oberdiek/infwarerr.sty
Package: infwarerr 2016/05/16 v1.4 Providing info/warning/error messages (HO)
)
(c:/texlive/2016/texmf-dist/tex/generic/oberdiek/kvsetkeys.sty
Package: kvsetkeys 2016/05/16 v1.17 Key value parser (HO)

(c:/texlive/2016/texmf-dist/tex/generic/oberdiek/etexcmds.sty
Package: etexcmds 2016/05/16 v1.6 Avoid name clashes with e-TeX commands (HO)
Package etexcmds Info: Could not find \expanded.
(etexcmds)             That can mean that you are not using pdfTeX 1.50 or
(etexcmds)             that some package has redefined \expanded.
(etexcmds)             In the latter case, load this package earlier.
))
(c:/texlive/2016/texmf-dist/tex/generic/oberdiek/kvdefinekeys.sty
Package: kvdefinekeys 2016/05/16 v1.4 Define keys (HO)
)
(c:/texlive/2016/texmf-dist/tex/generic/oberdiek/pdftexcmds.sty
Package: pdftexcmds 2016/05/21 v0.22 Utility functions of pdfTeX for LuaTeX (HO
)
Package pdftexcmds Info: LuaTeX not detected.
Package pdftexcmds Info: pdfTeX >= 1.30 not detected.
Package pdftexcmds Info: \pdf@primitive is available.
Package pdftexcmds Info: \pdf@ifprimitive is available.
Package pdftexcmds Info: \pdfdraftmode not found.
)
(c:/texlive/2016/texmf-dist/tex/latex/oberdiek/auxhook.sty
Package: auxhook 2016/05/16 v1.4 Hooks for auxiliary files (HO)
)
Package zref Info: New property list: main on input line 759.
Package zref Info: New property: default on input line 760.
Package zref Info: New property: page on input line 761.
)
(c:/texlive/2016/texmf-dist/tex/generic/oberdiek/atbegshi.sty
Package: atbegshi 2016/06/09 v1.18 At begin shipout hook (HO)
)
\c@abspage=\count93
Package zref Info: New property: abspage on input line 62.
)
(c:/texlive/2016/texmf-dist/tex/latex/oberdiek/zref-lastpage.sty
Package: zref-lastpage 2016/05/21 v2.26 Module lastpage for zref (HO)

(c:/texlive/2016/texmf-dist/tex/latex/oberdiek/atveryend.sty
Package: atveryend 2016/05/16 v1.9 Hooks at the very end of document (HO)
Package atveryend Info: \enddocument detected (standard20110627).
)
Package zref Info: New property list: LastPage on input line 55.
))
(c:/texlive/2016/texmf-dist/tex/latex/graphics/graphics.sty
Package: graphics 2016/07/10 v1.0t Standard LaTeX Graphics (DPC,SPQR)

(c:/texlive/2016/texmf-dist/tex/latex/graphics/trig.sty
Package: trig 2016/01/03 v1.10 sin cos tan (DPC)
)
(c:/texlive/2016/texmf-dist/tex/latex/graphics-cfg/graphics.cfg
File: graphics.cfg 2016/06/04 v1.11 sample graphics configuration
)
Package graphics Info: Driver file: xetex.def on input line 99.

(c:/texlive/2016/texmf-dist/tex/latex/graphics-def/xetex.def
File: xetex.def 2016/07/11 v4.10 LaTeX color/graphics driver for XeTeX (L3/RRM/
JK)
))
(c:/texlive/2016/texmf-dist/tex/latex/media9/pdfbase.sty
(c:/texlive/2016/texmf-dist/tex/latex/l3kernel/expl3.sty
Package: expl3 2016/11/21 v6760 L3 programming layer (loader) 

(c:/texlive/2016/texmf-dist/tex/latex/l3kernel/expl3-code.tex
Package: expl3 2016/11/21 v6760 L3 programming layer (code)
L3 Module: l3bootstrap 2016/06/13 v6596 L3 Bootstrap code
L3 Module: l3names 2016/10/13 v6722 L3 Namespace for primitives
L3 Module: l3basics 2016/09/01 v6696 L3 Basic definitions
L3 Module: l3expan 2016/08/19 v6684 L3 Argument expansion
L3 Module: l3tl 2016/08/19 v6692 L3 Token lists
L3 Module: l3str 2016/08/19 v6692 L3 Strings
L3 Module: l3seq 2016/08/19 v6685 L3 Sequences and stacks
L3 Module: l3int 2016/09/07 v6700 L3 Integers
\c_max_int=\count94
\l_tmpa_int=\count95
\l_tmpb_int=\count96
\g_tmpa_int=\count97
\g_tmpb_int=\count98
L3 Module: l3quark 2016/08/19 v6685 L3 Quarks
L3 Module: l3prg 2016/08/18 v6679 L3 Control structures
\g__prg_map_int=\count99
L3 Module: l3clist 2016/08/19 v6685 L3 Comma separated lists
L3 Module: l3token 2016/09/01 v6695 L3 Experimental token manipulation
L3 Module: l3prop 2016/08/19 v6685 L3 Property lists
L3 Module: l3msg 2016/08/19 v6691 L3 Messages
L3 Module: l3file 2016/08/19 v6685 L3 File and I/O operations
\l_iow_line_count_int=\count100
\l__iow_target_count_int=\count101
\l__iow_current_line_int=\count102
\l__iow_current_word_int=\count103
\l__iow_current_indentation_int=\count104
L3 Module: l3skip 2016/08/19 v6692 L3 Dimensions and skips
\c_zero_dim=\dimen113
\c_max_dim=\dimen114
\l_tmpa_dim=\dimen115
\l_tmpb_dim=\dimen116
\g_tmpa_dim=\dimen117
\g_tmpb_dim=\dimen118
\c_zero_skip=\skip46
\c_max_skip=\skip47
\l_tmpa_skip=\skip48
\l_tmpb_skip=\skip49
\g_tmpa_skip=\skip50
\g_tmpb_skip=\skip51
\c_zero_muskip=\muskip10
\c_max_muskip=\muskip11
\l_tmpa_muskip=\muskip12
\l_tmpb_muskip=\muskip13
\g_tmpa_muskip=\muskip14
\g_tmpb_muskip=\muskip15
L3 Module: l3keys 2016/09/21 v6711 L3 Key-value interfaces
\l_keys_choice_int=\count105
L3 Module: l3fp 2016/11/21 v6761 L3 Floating points
\c__fp_leading_shift_int=\count106
\c__fp_middle_shift_int=\count107
\c__fp_trailing_shift_int=\count108
\c__fp_big_leading_shift_int=\count109
\c__fp_big_middle_shift_int=\count110
\c__fp_big_trailing_shift_int=\count111
\c__fp_Bigg_leading_shift_int=\count112
\c__fp_Bigg_middle_shift_int=\count113
\c__fp_Bigg_trailing_shift_int=\count114
L3 Module: l3box 2016/08/19 v6685 L3 Experimental boxes
\c_empty_box=\box26
\l_tmpa_box=\box27
\l_tmpb_box=\box28
\g_tmpa_box=\box29
\g_tmpb_box=\box30
L3 Module: l3coffins 2016/08/19 v6685 L3 Coffin code layer
\l__coffin_internal_box=\box31
\l__coffin_internal_dim=\dimen119
\l__coffin_offset_x_dim=\dimen120
\l__coffin_offset_y_dim=\dimen121
\l__coffin_x_dim=\dimen122
\l__coffin_y_dim=\dimen123
\l__coffin_x_prime_dim=\dimen124
\l__coffin_y_prime_dim=\dimen125
\c_empty_coffin=\box32
\l__coffin_aligned_coffin=\box33
\l__coffin_aligned_internal_coffin=\box34
\l_tmpa_coffin=\box35
\l_tmpb_coffin=\box36
\l__coffin_display_coffin=\box37
\l__coffin_display_coord_coffin=\box38
\l__coffin_display_pole_coffin=\box39
\l__coffin_display_offset_dim=\dimen126
\l__coffin_display_x_dim=\dimen127
\l__coffin_display_y_dim=\dimen128
L3 Module: l3color 2016/06/13 v6596 L3 Experimental color support
L3 Module: l3sys 2015/09/25 v6087 L3 Experimental system/runtime functions
L3 Module: l3candidates 2016/08/19 v6688 L3 Experimental additions to l3kernel
\l__box_top_dim=\dimen129
\l__box_bottom_dim=\dimen130
\l__box_left_dim=\dimen131
\l__box_right_dim=\dimen132
\l__box_top_new_dim=\dimen133
\l__box_bottom_new_dim=\dimen134
\l__box_left_new_dim=\dimen135
\l__box_right_new_dim=\dimen136
\l__box_internal_box=\box40
\l__coffin_bounding_shift_dim=\dimen137
\l__coffin_left_corner_dim=\dimen138
\l__coffin_right_corner_dim=\dimen139
\l__coffin_bottom_corner_dim=\dimen140
\l__coffin_top_corner_dim=\dimen141
\l__coffin_scaled_total_height_dim=\dimen142
\l__coffin_scaled_width_dim=\dimen143
L3 Module: l3luatex 2016/08/18 v6679 L3 Experimental LuaTeX-specific functions
)
(c:/texlive/2016/texmf-dist/tex/latex/l3kernel/l3xdvipdfmx.def
File: l3xdvidpfmx.def 2016/08/18 v6679 L3 Experimental driver: xdvipdfmx
\l__driver_tmp_box=\box41
))
(c:/texlive/2016/texmf-dist/tex/latex/l3packages/l3keys2e/l3keys2e.sty
Package: l3keys2e 2016/11/21 v6760 LaTeX2e option processing using LaTeX3 keys
)
Package: pdfbase 2016/11/08 v0.10 driver independent access to low-level PDF fe
atures
\g@pbs@page@int=\count115
\g_pbs_obj_int=\count116
\g_pbs_oc_int=\count117
)
(c:/texlive/2016/texmf-dist/tex/latex/ocgx2/ocgbase.sty
Package: ocgbase 2016/03/11 v0.6 support package for ocgx2.sty
)
\@anim@box=\box42
\@anim@measbox=\box43
\@anim@tmpdima=\dimen144
\@anim@tmpdimb=\dimen145
\@anim@num=\count118
\@anim@curframe=\count119
\@anim@curframe@zb=\count120
\@anim@resizeflags=\count121
\@anim@skipfram=\count122
\@anim@mulframecnt=\count123
\@anim@@tmlnfile=\read1
\@anim@tmpcnt=\count124
\c@@anim@ltxcnt=\count125
\@anim@curlayer=\count126
\@anim@lineno=\count127
\@anim@curfield=\count128
\@anim@@resizeflags=\count129
)
(c:/texlive/2016/texmf-dist/tex/latex/graphics/graphicx.sty
Package: graphicx 2014/10/28 v1.0g Enhanced LaTeX Graphics (DPC,SPQR)
\Gin@req@height=\dimen146
\Gin@req@width=\dimen147
)
(c:/texlive/2016/texmf-dist/tex/latex/fontspec/fontspec.sty
(c:/texlive/2016/texmf-dist/tex/latex/l3packages/xparse/xparse.sty
Package: xparse 2016/11/21 v6760 L3 Experimental document command parser
\l__xparse_current_arg_int=\count130
\l__xparse_m_args_int=\count131
\l__xparse_mandatory_args_int=\count132
\l__xparse_processor_int=\count133
\l__xparse_v_nesting_int=\count134
)
Package: fontspec 2016/02/01 v2.5a Font selection for XeLaTeX and LuaLaTeX

(c:/texlive/2016/texmf-dist/tex/latex/fontspec/fontspec-xetex.sty
Package: fontspec-xetex 2016/02/01 v2.5a Font selection for XeLaTeX and LuaLaTe
X
\l_fontspec_script_int=\count135
\l_fontspec_language_int=\count136
\l_fontspec_strnum_int=\count137
\l__fontspec_tmpa_dim=\dimen148
\l__fontspec_tmpb_dim=\dimen149
\l__fontspec_tmpc_dim=\dimen150
\g__file_internal_ior=\read2

(c:/texlive/2016/texmf-dist/tex/latex/base/fontenc.sty
Package: fontenc 2016/06/19 v1.99m Standard LaTeX package

(c:/texlive/2016/texmf-dist/tex/latex/euenc/eu1enc.def
File: eu1enc.def 2010/05/27 v0.1h Experimental Unicode font encodings
)
LaTeX Font Info:    Try loading font information for EU1+lmr on input line 105.


(c:/texlive/2016/texmf-dist/tex/latex/euenc/eu1lmr.fd
File: eu1lmr.fd 2009/10/30 v1.6 Font defs for Latin Modern
))
(c:/texlive/2016/texmf-dist/tex/xelatex/xunicode/xunicode.sty
File: xunicode.sty 2011/09/09 v0.981 provides access to latin accents and many 
other characters in Unicode lower plane

(c:/texlive/2016/texmf-dist/tex/latex/tipa/t3enc.def
File: t3enc.def 2001/12/31 T3 encoding
LaTeX Font Info:    Try loading font information for EU1+lmss on input line 357
.

(c:/texlive/2016/texmf-dist/tex/latex/euenc/eu1lmss.fd
File: eu1lmss.fd 2009/10/30 v1.6 Font defs for Latin Modern
))
\tipaTiiicode=\count138
\tipasavetokens=\toks16
\tipachecktokens=\toks17
)
.................................................
. LaTeX info: "xparse/define-command"
. 
. Defining command \__fontspec_post_arg:w with sig. 'mmO{}' on line 353.
.................................................
.................................................
. LaTeX info: "xparse/define-command"
. 
. Defining command \fontspec with sig. 'om' on line 355.
.................................................
.................................................
. LaTeX info: "xparse/define-command"
. 
. Defining command \setmainfont with sig. 'om' on line 365.
.................................................
.................................................
. LaTeX info: "xparse/define-command"
. 
. Defining command \setsansfont with sig. 'om' on line 375.
.................................................
.................................................
. LaTeX info: "xparse/define-command"
. 
. Defining command \setmonofont with sig. 'om' on line 385.
.................................................
.................................................
. LaTeX info: "xparse/define-command"
. 
. Defining command \setmathrm with sig. 'om' on line 399.
.................................................
.................................................
. LaTeX info: "xparse/define-command"
. 
. Defining command \setboldmathrm with sig. 'om' on line 407.
.................................................
.................................................
. LaTeX info: "xparse/define-command"
. 
. Defining command \setmathsf with sig. 'om' on line 415.
.................................................
.................................................
. LaTeX info: "xparse/define-command"
. 
. Defining command \setmathtt with sig. 'om' on line 423.
.................................................
.................................................
. LaTeX info: "xparse/define-command"
. 
. Defining command \newfontfamily with sig. 'mom' on line 437.
.................................................
.................................................
. LaTeX info: "xparse/define-command"
. 
. Defining command \newfontface with sig. 'mom' on line 453.
.................................................
.................................................
. LaTeX info: "xparse/define-command"
. 
. Defining command \defaultfontfeatures with sig. 't+om' on line 467.
.................................................
.................................................
. LaTeX info: "xparse/define-command"
. 
. Defining command \addfontfeatures with sig. 'm' on line 529.
.................................................
.................................................
. LaTeX info: "xparse/define-command"
. 
. Defining command \newfontfeature with sig. 'mm' on line 540.
.................................................
.................................................
. LaTeX info: "xparse/define-command"
. 
. Defining command \newAATfeature with sig. 'mmmm' on line 548.
.................................................
.................................................
. LaTeX info: "xparse/define-command"
. 
. Defining command \newopentypefeature with sig. 'mmm' on line 556.
.................................................
.................................................
. LaTeX info: "xparse/define-command"
. 
. Defining command \aliasfontfeature with sig. 'mm' on line 577.
.................................................
.................................................
. LaTeX info: "xparse/define-command"
. 
. Defining command \aliasfontfeatureoption with sig. 'mmm' on line 586.
.................................................
.................................................
. LaTeX info: "xparse/define-command"
. 
. Defining command \newfontscript with sig. 'mm' on line 590.
.................................................
.................................................
. LaTeX info: "xparse/define-command"
. 
. Defining command \newfontlanguage with sig. 'mm' on line 594.
.................................................
.................................................
. LaTeX info: "xparse/define-command"
. 
. Defining command \DeclareFontsExtensions with sig. 'm' on line 599.
.................................................
\l__fontspec_tmp_int=\count139

(c:/texlive/2016/texmf-dist/tex/latex/fontspec/fontspec.cfg)
LaTeX Info: Redefining \itshape on input line 2705.
LaTeX Info: Redefining \slshape on input line 2710.
LaTeX Info: Redefining \scshape on input line 2715.
LaTeX Info: Redefining \upshape on input line 2720.
\l__fontspec_em_int=\count140
\l__fontspec_emdef_int=\count141
LaTeX Info: Redefining \em on input line 2736.
LaTeX Info: Redefining \emph on input line 2742.
LaTeX Info: Redefining \- on input line 2746.
.................................................
. LaTeX info: "xparse/redefine-command"
. 
. Redefining command \oldstylenums with sig. 'm' on line 2841.
.................................................
.................................................
. LaTeX info: "xparse/define-command"
. 
. Defining command \liningnums with sig. 'm' on line 2845.
.................................................
))
(c:/texlive/2016/texmf-dist/tex/generic/babel/babel.sty
Package: babel 2016/04/23 3.9r The Babel package

(c:/texlive/2016/texmf-dist/tex/generic/babel-catalan/catalan.ldf
Language: catalan 2005/03/29 v2.2p Catalan support from the babel system

(c:/texlive/2016/texmf-dist/tex/generic/babel/babel.def
File: babel.def 2016/04/23 3.9r Babel common definitions
\babel@savecnt=\count142
\U@D=\dimen151

(c:/texlive/2016/texmf-dist/tex/generic/babel/xebabel.def))
Package babel Info: Making " an active character on input line 91.
Warning: You are using encoding EU1 instead of T1.
Some word breaks will not be found.
\leftllkern=\dimen152
\rightllkern=\dimen153
\raiselldim=\dimen154
))
(c:/texlive/2016/texmf-dist/tex/latex/hyperref/hyperref.sty
Package: hyperref 2016/06/24 v6.83q Hypertext links for LaTeX

(c:/texlive/2016/texmf-dist/tex/generic/oberdiek/hobsub-hyperref.sty
Package: hobsub-hyperref 2016/05/16 v1.14 Bundle oberdiek, subset hyperref (HO)


(c:/texlive/2016/texmf-dist/tex/generic/oberdiek/hobsub-generic.sty
Package: hobsub-generic 2016/05/16 v1.14 Bundle oberdiek, subset generic (HO)
Package: hobsub 2016/05/16 v1.14 Construct package bundles (HO)
Package hobsub Info: Skipping package `infwarerr' (already loaded).
Package hobsub Info: Skipping package `ltxcmds' (already loaded).
Package hobsub Info: Skipping package `ifluatex' (already loaded).
Package hobsub Info: Skipping package `ifvtex' (already loaded).
Package: intcalc 2016/05/16 v1.2 Expandable calculations with integers (HO)
Package hobsub Info: Skipping package `ifpdf' (already loaded).
Package hobsub Info: Skipping package `etexcmds' (already loaded).
Package hobsub Info: Skipping package `kvsetkeys' (already loaded).
Package hobsub Info: Skipping package `kvdefinekeys' (already loaded).
Package hobsub Info: Skipping package `pdftexcmds' (already loaded).
Package: pdfescape 2016/05/16 v1.14 Implements pdfTeX's escape features (HO)
Package: bigintcalc 2016/05/16 v1.4 Expandable calculations on big integers (HO
)
Package: bitset 2016/05/16 v1.2 Handle bit-vector datatype (HO)
Package: uniquecounter 2016/05/16 v1.3 Provide unlimited unique counter (HO)
)
Package hobsub Info: Skipping package `hobsub' (already loaded).
Package: letltxmacro 2016/05/16 v1.5 Let assignment for LaTeX macros (HO)
Package: hopatch 2016/05/16 v1.3 Wrapper for package hooks (HO)
Package: xcolor-patch 2016/05/16 xcolor patch
Package hobsub Info: Skipping package `atveryend' (already loaded).
Package hobsub Info: Skipping package `atbegshi' (already loaded).
Package: refcount 2016/05/16 v3.5 Data extraction from label references (HO)
Package: hycolor 2016/05/16 v1.8 Color options for hyperref/bookmark (HO)
)
(c:/texlive/2016/texmf-dist/tex/latex/oberdiek/kvoptions.sty
Package: kvoptions 2016/05/16 v3.12 Key value format for package options (HO)
)
\@linkdim=\dimen155
\Hy@linkcounter=\count143
\Hy@pagecounter=\count144

(c:/texlive/2016/texmf-dist/tex/latex/hyperref/pd1enc.def
File: pd1enc.def 2016/06/24 v6.83q Hyperref: PDFDocEncoding definition (HO)
)
\Hy@SavedSpaceFactor=\count145

(c:/texlive/2016/texmf-dist/tex/latex/latexconfig/hyperref.cfg
File: hyperref.cfg 2002/06/06 v1.2 hyperref configuration of TeXLive
)
Package hyperref Info: Hyper figures OFF on input line 4486.
Package hyperref Info: Link nesting OFF on input line 4491.
Package hyperref Info: Hyper index ON on input line 4494.
Package hyperref Info: Plain pages OFF on input line 4501.
Package hyperref Info: Backreferencing OFF on input line 4506.
Package hyperref Info: Implicit mode ON; LaTeX internals redefined.
Package hyperref Info: Bookmarks ON on input line 4735.
\c@Hy@tempcnt=\count146

(c:/texlive/2016/texmf-dist/tex/latex/url/url.sty
\Urlmuskip=\muskip16
Package: url 2013/09/16  ver 3.4  Verb mode for urls, etc.
)
LaTeX Info: Redefining \url on input line 5088.
\XeTeXLinkMargin=\dimen156
\Fld@menulength=\count147
\Field@Width=\dimen157
\Fld@charsize=\dimen158
Package hyperref Info: Hyper figures OFF on input line 6342.
Package hyperref Info: Link nesting OFF on input line 6347.
Package hyperref Info: Hyper index ON on input line 6350.
Package hyperref Info: backreferencing OFF on input line 6357.
Package hyperref Info: Link coloring OFF on input line 6362.
Package hyperref Info: Link coloring with OCG OFF on input line 6367.
Package hyperref Info: PDF/A mode OFF on input line 6372.
LaTeX Info: Redefining \ref on input line 6412.
LaTeX Info: Redefining \pageref on input line 6416.
\Hy@abspage=\count148
\c@Item=\count149
\c@Hfootnote=\count150
)

Package hyperref Message: Driver (autodetected): hxetex.

(c:/texlive/2016/texmf-dist/tex/latex/hyperref/hxetex.def
File: hxetex.def 2016/06/24 v6.83q Hyperref driver for XeTeX

(c:/texlive/2016/texmf-dist/tex/latex/hyperref/puenc.def
File: puenc.def 2016/06/24 v6.83q Hyperref: PDF Unicode definition (HO)
)
(c:/texlive/2016/texmf-dist/tex/generic/oberdiek/stringenc.sty
Package: stringenc 2016/05/16 v1.11 Convert strings between diff. encodings (HO
)
)
\pdfm@box=\box44
\c@Hy@AnnotLevel=\count151
\HyField@AnnotCount=\count152
\Fld@listcount=\count153
\c@bookmark@seq@number=\count154

(c:/texlive/2016/texmf-dist/tex/latex/oberdiek/rerunfilecheck.sty
Package: rerunfilecheck 2016/05/16 v1.8 Rerun checks for auxiliary files (HO)
Package rerunfilecheck Info: Feature \pdfmdfivesum is not available
(rerunfilecheck)             (e.g. pdfTeX or LuaTeX with package `pdftexcmds').

(rerunfilecheck)             Therefore file contents cannot be checked efficien
tly
(rerunfilecheck)             and the loading of the package is aborted.
)
\Hy@SectionHShift=\skip52
)
(c:/texlive/2016/texmf-dist/tex/latex/float/float.sty
Package: float 2001/11/08 v1.3d Float enhancements (AL)
\c@float@type=\count155
\float@exts=\toks18
\float@box=\box45
\@float@everytoks=\toks19
\@floatcapt=\box46
)
Package hyperref Info: Option `colorlinks' set `true' on input line 15.
 (./document.aux)
\openout1 = `document.aux'.

LaTeX Font Info:    Checking defaults for OML/cmm/m/it on input line 20.
LaTeX Font Info:    ... okay on input line 20.
LaTeX Font Info:    Checking defaults for T1/cmr/m/n on input line 20.
LaTeX Font Info:    ... okay on input line 20.
LaTeX Font Info:    Checking defaults for OT1/cmr/m/n on input line 20.
LaTeX Font Info:    ... okay on input line 20.
LaTeX Font Info:    Checking defaults for OMS/cmsy/m/n on input line 20.
LaTeX Font Info:    ... okay on input line 20.
LaTeX Font Info:    Checking defaults for OMX/cmex/m/n on input line 20.
LaTeX Font Info:    ... okay on input line 20.
LaTeX Font Info:    Checking defaults for U/cmr/m/n on input line 20.
LaTeX Font Info:    ... okay on input line 20.
LaTeX Font Info:    Checking defaults for EU1/lmr/m/n on input line 20.
LaTeX Font Info:    ... okay on input line 20.
LaTeX Font Info:    Checking defaults for T3/cmr/m/n on input line 20.
LaTeX Font Info:    Try loading font information for T3+cmr on input line 20.

(c:/texlive/2016/texmf-dist/tex/latex/tipa/t3cmr.fd
File: t3cmr.fd 2001/12/31 TIPA font definitions
)
LaTeX Font Info:    ... okay on input line 20.
LaTeX Font Info:    Checking defaults for PD1/pdf/m/n on input line 20.
LaTeX Font Info:    ... okay on input line 20.
LaTeX Font Info:    Checking defaults for PU/pdf/m/n on input line 20.
LaTeX Font Info:    ... okay on input line 20.

*geometry* driver: auto-detecting
*geometry* detected driver: xetex
*geometry* verbose mode - [ preamble ] result:
* driver: xetex
* paper: a4paper
* layout: <same size as paper>
* layoutoffset:(h,v)=(0.0pt,0.0pt)
* modes: 
* h-part:(L,W,R)=(56.9055pt, 483.69687pt, 56.9055pt)
* v-part:(T,H,B)=(56.9055pt, 731.23584pt, 56.9055pt)
* \paperwidth=597.50787pt
* \paperheight=845.04684pt
* \textwidth=483.69687pt
* \textheight=731.23584pt
* \oddsidemargin=-15.36449pt
* \evensidemargin=-15.36449pt
* \topmargin=-52.36449pt
* \headheight=12.0pt
* \headsep=25.0pt
* \topskip=10.0pt
* \footskip=30.0pt
* \marginparwidth=57.0pt
* \marginparsep=11.0pt
* \columnsep=10.0pt
* \skip\footins=9.0pt plus 4.0pt minus 2.0pt
* \hoffset=0.0pt
* \voffset=0.0pt
* \mag=1000
* \@twocolumnfalse
* \@twosidefalse
* \@mparswitchfalse
* \@reversemarginfalse
* (1in=72.27pt=25.4mm, 1cm=28.453pt)

\AtBeginShipoutBox=\box47
.................................................
. fontspec info: "setup-math"
. 
. Adjusting the maths setup (use [no-math] to avoid this).
.................................................
\symlegacymaths=\mathgroup4
LaTeX Font Info:    Overwriting symbol font `legacymaths' in version `bold'
(Font)                  OT1/cmr/m/n --> OT1/cmr/bx/n on input line 20.
LaTeX Font Info:    Redeclaring math accent \acute on input line 20.
LaTeX Font Info:    Redeclaring math accent \grave on input line 20.
LaTeX Font Info:    Redeclaring math accent \ddot on input line 20.
LaTeX Font Info:    Redeclaring math accent \tilde on input line 20.
LaTeX Font Info:    Redeclaring math accent \bar on input line 20.
LaTeX Font Info:    Redeclaring math accent \breve on input line 20.
LaTeX Font Info:    Redeclaring math accent \check on input line 20.
LaTeX Font Info:    Redeclaring math accent \hat on input line 20.
LaTeX Font Info:    Redeclaring math accent \dot on input line 20.
LaTeX Font Info:    Redeclaring math accent \mathring on input line 20.
LaTeX Font Info:    Redeclaring math symbol \colon on input line 20.
LaTeX Font Info:    Redeclaring math symbol \Gamma on input line 20.
LaTeX Font Info:    Redeclaring math symbol \Delta on input line 20.
LaTeX Font Info:    Redeclaring math symbol \Theta on input line 20.
LaTeX Font Info:    Redeclaring math symbol \Lambda on input line 20.
LaTeX Font Info:    Redeclaring math symbol \Xi on input line 20.
LaTeX Font Info:    Redeclaring math symbol \Pi on input line 20.
LaTeX Font Info:    Redeclaring math symbol \Sigma on input line 20.
LaTeX Font Info:    Redeclaring math symbol \Upsilon on input line 20.
LaTeX Font Info:    Redeclaring math symbol \Phi on input line 20.
LaTeX Font Info:    Redeclaring math symbol \Psi on input line 20.
LaTeX Font Info:    Redeclaring math symbol \Omega on input line 20.
LaTeX Font Info:    Redeclaring math symbol \mathdollar on input line 20.
LaTeX Font Info:    Redeclaring symbol font `operators' on input line 20.
LaTeX Font Info:    Encoding `OT1' has changed to `EU1' for symbol font
(Font)              `operators' in the math version `normal' on input line 20.
LaTeX Font Info:    Overwriting symbol font `operators' in version `normal'
(Font)                  OT1/cmr/m/n --> EU1/lmr/m/n on input line 20.
LaTeX Font Info:    Encoding `OT1' has changed to `EU1' for symbol font
(Font)              `operators' in the math version `bold' on input line 20.
LaTeX Font Info:    Overwriting symbol font `operators' in version `bold'
(Font)                  OT1/cmr/bx/n --> EU1/lmr/m/n on input line 20.
LaTeX Font Info:    Overwriting symbol font `operators' in version `normal'
(Font)                  EU1/lmr/m/n --> EU1/lmr/m/n on input line 20.
LaTeX Font Info:    Overwriting math alphabet `\mathit' in version `normal'
(Font)                  OT1/cmr/m/it --> EU1/lmr/m/it on input line 20.
LaTeX Font Info:    Overwriting math alphabet `\mathbf' in version `normal'
(Font)                  OT1/cmr/bx/n --> EU1/lmr/bx/n on input line 20.
LaTeX Font Info:    Overwriting math alphabet `\mathsf' in version `normal'
(Font)                  OT1/cmss/m/n --> EU1/lmss/m/n on input line 20.
LaTeX Font Info:    Overwriting math alphabet `\mathtt' in version `normal'
(Font)                  OT1/cmtt/m/n --> EU1/lmtt/m/n on input line 20.
LaTeX Font Info:    Overwriting symbol font `operators' in version `bold'
(Font)                  EU1/lmr/m/n --> EU1/lmr/bx/n on input line 20.
LaTeX Font Info:    Overwriting math alphabet `\mathit' in version `bold'
(Font)                  OT1/cmr/bx/it --> EU1/lmr/bx/it on input line 20.
LaTeX Font Info:    Overwriting math alphabet `\mathsf' in version `bold'
(Font)                  OT1/cmss/bx/n --> EU1/lmss/bx/n on input line 20.
LaTeX Font Info:    Overwriting math alphabet `\mathtt' in version `bold'
(Font)                  OT1/cmtt/m/n --> EU1/lmtt/bx/n on input line 20.
LaTeX Info: Redefining \l on input line 20.
LaTeX Info: Redefining \L on input line 20.
(c:/texlive/2016/texmf-dist/tex/latex/graphics/color.sty
Package: color 2016/07/10 v1.1e Standard LaTeX Color (DPC)
LaTeX Info: Redefining \color on input line 86.

(c:/texlive/2016/texmf-dist/tex/latex/graphics-cfg/color.cfg
File: color.cfg 2016/01/02 v1.6 sample color configuration
)
Package color Info: Driver file: xetex.def on input line 147.
)
Package hyperref Info: Link coloring ON on input line 20.

(c:/texlive/2016/texmf-dist/tex/latex/hyperref/nameref.sty
Package: nameref 2016/05/21 v2.44 Cross-referencing by name of section

(c:/texlive/2016/texmf-dist/tex/generic/oberdiek/gettitlestring.sty
Package: gettitlestring 2016/05/16 v1.5 Cleanup title references (HO)
)
\c@section@level=\count156
)
LaTeX Info: Redefining \ref on input line 20.
LaTeX Info: Redefining \pageref on input line 20.
LaTeX Info: Redefining \nameref on input line 20.

(./document.out) (./document.out)
\@outlinefile=\write3
\openout3 = `document.out'.

File: images/etseib.png Graphic file (type QTm)
 <use  "images/etseib.png" >
(c:/texlive/2016/texmf-dist/tex/generic/oberdiek/se-ascii-print.def
File: se-ascii-print.def 2016/05/16 v1.11 stringenc: Printable ASCII characters

) [1

]
(./document.toc
LaTeX Font Info:    External font `cmex10' loaded for size
(Font)              <7> on input line 3.
LaTeX Font Info:    External font `cmex10' loaded for size
(Font)              <5> on input line 3.
)
\tf@toc=\write4
\openout4 = `document.toc'.

 [1]
File: images/esquema.png Graphic file (type QTm)
 <use  "images/esquema.png" >
File: images/tricanter.jpg Graphic file (type QTm)

<use  "images/tricanter.jpg" > [2]
File: images/tricanter-movie/tricanter-movie-0.png Graphic file (type QTm)

<use  "images/tricanter-movie/tricanter-movie-0.png" >
File: images/tricanter-movie/tricanter-movie-2.png Graphic file (type QTm)

<use  "images/tricanter-movie/tricanter-movie-2.png" >
File: images/tricanter-movie/tricanter-movie-3.png Graphic file (type QTm)

<use  "images/tricanter-movie/tricanter-movie-3.png" >
File: images/tricanter-movie/tricanter-movie-4.png Graphic file (type QTm)

<use  "images/tricanter-movie/tricanter-movie-4.png" >
File: images/tricanter-movie/tricanter-movie-5.png Graphic file (type QTm)

<use  "images/tricanter-movie/tricanter-movie-5.png" >
File: images/tricanter-movie/tricanter-movie-6.png Graphic file (type QTm)

<use  "images/tricanter-movie/tricanter-movie-6.png" >
File: images/tricanter-movie/tricanter-movie-7.png Graphic file (type QTm)

<use  "images/tricanter-movie/tricanter-movie-7.png" >
File: images/tricanter-movie/tricanter-movie-8.png Graphic file (type QTm)

<use  "images/tricanter-movie/tricanter-movie-8.png" >
File: images/tricanter-movie/tricanter-movie-10.png Graphic file (type QTm)

<use  "images/tricanter-movie/tricanter-movie-10.png" >
File: images/tricanter-movie/tricanter-movie-11.png Graphic file (type QTm)

<use  "images/tricanter-movie/tricanter-movie-11.png" >
File: images/tricanter-movie/tricanter-movie-12.png Graphic file (type QTm)

<use  "images/tricanter-movie/tricanter-movie-12.png" >
File: images/tricanter-movie/tricanter-movie-13.png Graphic file (type QTm)

<use  "images/tricanter-movie/tricanter-movie-13.png" >
File: images/tricanter-movie/tricanter-movie-14.png Graphic file (type QTm)

<use  "images/tricanter-movie/tricanter-movie-14.png" >
File: images/tricanter-movie/tricanter-movie-15.png Graphic file (type QTm)

<use  "images/tricanter-movie/tricanter-movie-15.png" >
File: images/tricanter-movie/tricanter-movie-16.png Graphic file (type QTm)

<use  "images/tricanter-movie/tricanter-movie-16.png" >
File: images/tricanter-movie/tricanter-movie-17.png Graphic file (type QTm)

<use  "images/tricanter-movie/tricanter-movie-17.png" >
File: images/tricanter-movie/tricanter-movie-18.png Graphic file (type QTm)

<use  "images/tricanter-movie/tricanter-movie-18.png" >
File: images/tricanter-movie/tricanter-movie-19.png Graphic file (type QTm)

<use  "images/tricanter-movie/tricanter-movie-19.png" >
File: images/tricanter-movie/tricanter-movie-20.png Graphic file (type QTm)

<use  "images/tricanter-movie/tricanter-movie-20.png" >
File: images/tricanter-movie/tricanter-movie-21.png Graphic file (type QTm)

<use  "images/tricanter-movie/tricanter-movie-21.png" >
File: images/tricanter-movie/tricanter-movie-22.png Graphic file (type QTm)

<use  "images/tricanter-movie/tricanter-movie-22.png" >
File: images/tricanter-movie/tricanter-movie-23.png Graphic file (type QTm)

<use  "images/tricanter-movie/tricanter-movie-23.png" >
File: images/tricanter-movie/tricanter-movie-24.png Graphic file (type QTm)

<use  "images/tricanter-movie/tricanter-movie-24.png" >
File: images/tricanter-movie/tricanter-movie-25.png Graphic file (type QTm)

<use  "images/tricanter-movie/tricanter-movie-25.png" >
File: images/tricanter-movie/tricanter-movie-26.png Graphic file (type QTm)

<use  "images/tricanter-movie/tricanter-movie-26.png" >
File: images/tricanter-movie/tricanter-movie-27.png Graphic file (type QTm)

<use  "images/tricanter-movie/tricanter-movie-27.png" >
File: images/tricanter-movie/tricanter-movie-28.png Graphic file (type QTm)

<use  "images/tricanter-movie/tricanter-movie-28.png" >
File: images/tricanter-movie/tricanter-movie-29.png Graphic file (type QTm)

<use  "images/tricanter-movie/tricanter-movie-29.png" >
File: images/tricanter-movie/tricanter-movie-30.png Graphic file (type QTm)

<use  "images/tricanter-movie/tricanter-movie-30.png" >
File: images/tricanter-movie/tricanter-movie-31.png Graphic file (type QTm)

<use  "images/tricanter-movie/tricanter-movie-31.png" >
File: images/tricanter-movie/tricanter-movie-32.png Graphic file (type QTm)

<use  "images/tricanter-movie/tricanter-movie-32.png" >
File: images/tricanter-movie/tricanter-movie-33.png Graphic file (type QTm)

<use  "images/tricanter-movie/tricanter-movie-33.png" >
File: images/tricanter-movie/tricanter-movie-34.png Graphic file (type QTm)

<use  "images/tricanter-movie/tricanter-movie-34.png" >
File: images/tricanter-movie/tricanter-movie-35.png Graphic file (type QTm)

<use  "images/tricanter-movie/tricanter-movie-35.png" >
File: images/tricanter-movie/tricanter-movie-36.png Graphic file (type QTm)

<use  "images/tricanter-movie/tricanter-movie-36.png" >
File: images/tricanter-movie/tricanter-movie-37.png Graphic file (type QTm)

<use  "images/tricanter-movie/tricanter-movie-37.png" >
File: images/tricanter-movie/tricanter-movie-38.png Graphic file (type QTm)

<use  "images/tricanter-movie/tricanter-movie-38.png" >
File: images/tricanter-movie/tricanter-movie-39.png Graphic file (type QTm)

<use  "images/tricanter-movie/tricanter-movie-39.png" >
File: images/tricanter-movie/tricanter-movie-40.png Graphic file (type QTm)

<use  "images/tricanter-movie/tricanter-movie-40.png" >
File: images/tricanter-movie/tricanter-movie-41.png Graphic file (type QTm)

<use  "images/tricanter-movie/tricanter-movie-41.png" >
File: images/tricanter-movie/tricanter-movie-42.png Graphic file (type QTm)

<use  "images/tricanter-movie/tricanter-movie-42.png" >
File: images/tricanter-movie/tricanter-movie-43.png Graphic file (type QTm)

<use  "images/tricanter-movie/tricanter-movie-43.png" >
File: images/tricanter-movie/tricanter-movie-44.png Graphic file (type QTm)

<use  "images/tricanter-movie/tricanter-movie-44.png" >
File: images/tricanter-movie/tricanter-movie-45.png Graphic file (type QTm)

<use  "images/tricanter-movie/tricanter-movie-45.png" >
File: images/tricanter-movie/tricanter-movie-46.png Graphic file (type QTm)

<use  "images/tricanter-movie/tricanter-movie-46.png" >
File: images/tricanter-movie/tricanter-movie-47.png Graphic file (type QTm)

<use  "images/tricanter-movie/tricanter-movie-47.png" >
File: images/tricanter-movie/tricanter-movie-48.png Graphic file (type QTm)

<use  "images/tricanter-movie/tricanter-movie-48.png" >
File: images/tricanter-movie/tricanter-movie-49.png Graphic file (type QTm)

<use  "images/tricanter-movie/tricanter-movie-49.png" >
File: images/tricanter-movie/tricanter-movie-50.png Graphic file (type QTm)

<use  "images/tricanter-movie/tricanter-movie-50.png" >
File: images/tricanter-movie/tricanter-movie-51.png Graphic file (type QTm)

<use  "images/tricanter-movie/tricanter-movie-51.png" >
File: images/tricanter-movie/tricanter-movie-52.png Graphic file (type QTm)

<use  "images/tricanter-movie/tricanter-movie-52.png" >
File: images/tricanter-movie/tricanter-movie-53.png Graphic file (type QTm)

<use  "images/tricanter-movie/tricanter-movie-53.png" >
File: images/tricanter-movie/tricanter-movie-54.png Graphic file (type QTm)

<use  "images/tricanter-movie/tricanter-movie-54.png" >
File: images/tricanter-movie/tricanter-movie-55.png Graphic file (type QTm)

<use  "images/tricanter-movie/tricanter-movie-55.png" >
File: images/tricanter-movie/tricanter-movie-56.png Graphic file (type QTm)

<use  "images/tricanter-movie/tricanter-movie-56.png" >
File: images/tricanter-movie/tricanter-movie-57.png Graphic file (type QTm)

<use  "images/tricanter-movie/tricanter-movie-57.png" >
File: images/tricanter-movie/tricanter-movie-58.png Graphic file (type QTm)

<use  "images/tricanter-movie/tricanter-movie-58.png" >
File: images/tricanter-movie/tricanter-movie-59.png Graphic file (type QTm)

<use  "images/tricanter-movie/tricanter-movie-59.png" >
File: images/tricanter-movie/tricanter-movie-60.png Graphic file (type QTm)

<use  "images/tricanter-movie/tricanter-movie-60.png" >
File: images/tricanter-movie/tricanter-movie-61.png Graphic file (type QTm)

<use  "images/tricanter-movie/tricanter-movie-61.png" >
File: images/tricanter-movie/tricanter-movie-62.png Graphic file (type QTm)

<use  "images/tricanter-movie/tricanter-movie-62.png" >
File: images/tricanter-movie/tricanter-movie-63.png Graphic file (type QTm)

<use  "images/tricanter-movie/tricanter-movie-63.png" >
File: images/tricanter-movie/tricanter-movie-64.png Graphic file (type QTm)

<use  "images/tricanter-movie/tricanter-movie-64.png" >
File: images/tricanter-movie/tricanter-movie-65.png Graphic file (type QTm)

<use  "images/tricanter-movie/tricanter-movie-65.png" >
File: images/tricanter-movie/tricanter-movie-66.png Graphic file (type QTm)

<use  "images/tricanter-movie/tricanter-movie-66.png" >
File: images/tricanter-movie/tricanter-movie-67.png Graphic file (type QTm)

<use  "images/tricanter-movie/tricanter-movie-67.png" >
File: images/tricanter-movie/tricanter-movie-68.png Graphic file (type QTm)

<use  "images/tricanter-movie/tricanter-movie-68.png" >
File: images/tricanter-movie/tricanter-movie-69.png Graphic file (type QTm)

<use  "images/tricanter-movie/tricanter-movie-69.png" >
File: images/tricanter-movie/tricanter-movie-70.png Graphic file (type QTm)

<use  "images/tricanter-movie/tricanter-movie-70.png" >
File: images/tricanter-movie/tricanter-movie-71.png Graphic file (type QTm)

<use  "images/tricanter-movie/tricanter-movie-71.png" >
File: images/tricanter-movie/tricanter-movie-72.png Graphic file (type QTm)

<use  "images/tricanter-movie/tricanter-movie-72.png" >
File: images/tricanter-movie/tricanter-movie-73.png Graphic file (type QTm)

<use  "images/tricanter-movie/tricanter-movie-73.png" >
File: images/tricanter-movie/tricanter-movie-74.png Graphic file (type QTm)

<use  "images/tricanter-movie/tricanter-movie-74.png" >
File: images/tricanter-movie/tricanter-movie-75.png Graphic file (type QTm)

<use  "images/tricanter-movie/tricanter-movie-75.png" >
File: images/tricanter-movie/tricanter-movie-76.png Graphic file (type QTm)

<use  "images/tricanter-movie/tricanter-movie-76.png" >
File: images/tricanter-movie/tricanter-movie-77.png Graphic file (type QTm)

<use  "images/tricanter-movie/tricanter-movie-77.png" >
File: images/tricanter-movie/tricanter-movie-78.png Graphic file (type QTm)

<use  "images/tricanter-movie/tricanter-movie-78.png" >
File: images/tricanter-movie/tricanter-movie-79.png Graphic file (type QTm)

<use  "images/tricanter-movie/tricanter-movie-79.png" >
File: images/tricanter-movie/tricanter-movie-80.png Graphic file (type QTm)

<use  "images/tricanter-movie/tricanter-movie-80.png" >
File: images/tricanter-movie/tricanter-movie-81.png Graphic file (type QTm)

<use  "images/tricanter-movie/tricanter-movie-81.png" >
File: images/tricanter-movie/tricanter-movie-82.png Graphic file (type QTm)

<use  "images/tricanter-movie/tricanter-movie-82.png" >
File: images/tricanter-movie/tricanter-movie-83.png Graphic file (type QTm)

<use  "images/tricanter-movie/tricanter-movie-83.png" >
File: images/tricanter-movie/tricanter-movie-84.png Graphic file (type QTm)

<use  "images/tricanter-movie/tricanter-movie-84.png" >
File: images/tricanter-movie/tricanter-movie-85.png Graphic file (type QTm)

<use  "images/tricanter-movie/tricanter-movie-85.png" >
File: images/tricanter-movie/tricanter-movie-86.png Graphic file (type QTm)

<use  "images/tricanter-movie/tricanter-movie-86.png" >
File: images/tricanter-movie/tricanter-movie-87.png Graphic file (type QTm)

<use  "images/tricanter-movie/tricanter-movie-87.png" >
File: images/tricanter-movie/tricanter-movie-88.png Graphic file (type QTm)

<use  "images/tricanter-movie/tricanter-movie-88.png" >
File: images/tricanter-movie/tricanter-movie-89.png Graphic file (type QTm)

<use  "images/tricanter-movie/tricanter-movie-89.png" >
File: images/tricanter-movie/tricanter-movie-90.png Graphic file (type QTm)

<use  "images/tricanter-movie/tricanter-movie-90.png" >
File: images/tricanter-movie/tricanter-movie-91.png Graphic file (type QTm)

<use  "images/tricanter-movie/tricanter-movie-91.png" >
File: images/tricanter-movie/tricanter-movie-92.png Graphic file (type QTm)

<use  "images/tricanter-movie/tricanter-movie-92.png" >
File: images/tricanter-movie/tricanter-movie-93.png Graphic file (type QTm)

<use  "images/tricanter-movie/tricanter-movie-93.png" >
File: images/tricanter-movie/tricanter-movie-94.png Graphic file (type QTm)

<use  "images/tricanter-movie/tricanter-movie-94.png" >
File: images/tricanter-movie/tricanter-movie-95.png Graphic file (type QTm)

<use  "images/tricanter-movie/tricanter-movie-95.png" >
File: images/tricanter-movie/tricanter-movie-96.png Graphic file (type QTm)

<use  "images/tricanter-movie/tricanter-movie-96.png" >
File: images/tricanter-movie/tricanter-movie-97.png Graphic file (type QTm)

<use  "images/tricanter-movie/tricanter-movie-97.png" >
File: images/tricanter-movie/tricanter-movie-98.png Graphic file (type QTm)

<use  "images/tricanter-movie/tricanter-movie-98.png" >
File: images/tricanter-movie/tricanter-movie-99.png Graphic file (type QTm)

<use  "images/tricanter-movie/tricanter-movie-99.png" >
File: images/tricanter-movie/tricanter-movie-100.png Graphic file (type QTm)

<use  "images/tricanter-movie/tricanter-movie-100.png" >
File: images/tricanter-movie/tricanter-movie-101.png Graphic file (type QTm)

<use  "images/tricanter-movie/tricanter-movie-101.png" >
File: images/tricanter-movie/tricanter-movie-102.png Graphic file (type QTm)

<use  "images/tricanter-movie/tricanter-movie-102.png" >
File: images/tricanter-movie/tricanter-movie-103.png Graphic file (type QTm)

<use  "images/tricanter-movie/tricanter-movie-103.png" >
File: images/tricanter-movie/tricanter-movie-104.png Graphic file (type QTm)

<use  "images/tricanter-movie/tricanter-movie-104.png" >
File: images/tricanter-movie/tricanter-movie-105.png Graphic file (type QTm)

<use  "images/tricanter-movie/tricanter-movie-105.png" >
File: images/tricanter-movie/tricanter-movie-106.png Graphic file (type QTm)

<use  "images/tricanter-movie/tricanter-movie-106.png" >
File: images/tricanter-movie/tricanter-movie-107.png Graphic file (type QTm)

<use  "images/tricanter-movie/tricanter-movie-107.png" >
File: images/tricanter-movie/tricanter-movie-108.png Graphic file (type QTm)

<use  "images/tricanter-movie/tricanter-movie-108.png" >
File: images/tricanter-movie/tricanter-movie-109.png Graphic file (type QTm)

<use  "images/tricanter-movie/tricanter-movie-109.png" >
File: images/tricanter-movie/tricanter-movie-110.png Graphic file (type QTm)

<use  "images/tricanter-movie/tricanter-movie-110.png" >
File: images/tricanter-movie/tricanter-movie-111.png Graphic file (type QTm)

<use  "images/tricanter-movie/tricanter-movie-111.png" >
File: images/tricanter-movie/tricanter-movie-112.png Graphic file (type QTm)

<use  "images/tricanter-movie/tricanter-movie-112.png" >
File: images/tricanter-movie/tricanter-movie-113.png Graphic file (type QTm)

<use  "images/tricanter-movie/tricanter-movie-113.png" >
File: images/tricanter-movie/tricanter-movie-114.png Graphic file (type QTm)

<use  "images/tricanter-movie/tricanter-movie-114.png" >
File: images/tricanter-movie/tricanter-movie-115.png Graphic file (type QTm)

<use  "images/tricanter-movie/tricanter-movie-115.png" >
File: images/tricanter-movie/tricanter-movie-116.png Graphic file (type QTm)

<use  "images/tricanter-movie/tricanter-movie-116.png" >
File: images/tricanter-movie/tricanter-movie-117.png Graphic file (type QTm)

<use  "images/tricanter-movie/tricanter-movie-117.png" >
File: images/tricanter-movie/tricanter-movie-118.png Graphic file (type QTm)

<use  "images/tricanter-movie/tricanter-movie-118.png" >
File: images/tricanter-movie/tricanter-movie-119.png Graphic file (type QTm)

<use  "images/tricanter-movie/tricanter-movie-119.png" >
File: images/tricanter-movie/tricanter-movie-120.png Graphic file (type QTm)

<use  "images/tricanter-movie/tricanter-movie-120.png" >
File: images/tricanter-movie/tricanter-movie-121.png Graphic file (type QTm)

<use  "images/tricanter-movie/tricanter-movie-121.png" >
File: images/tricanter-movie/tricanter-movie-122.png Graphic file (type QTm)

<use  "images/tricanter-movie/tricanter-movie-122.png" >
File: images/tricanter-movie/tricanter-movie-123.png Graphic file (type QTm)

<use  "images/tricanter-movie/tricanter-movie-123.png" >
File: images/tricanter-movie/tricanter-movie-124.png Graphic file (type QTm)

<use  "images/tricanter-movie/tricanter-movie-124.png" >
File: images/tricanter-movie/tricanter-movie-125.png Graphic file (type QTm)

<use  "images/tricanter-movie/tricanter-movie-125.png" >
File: images/tricanter-movie/tricanter-movie-126.png Graphic file (type QTm)

<use  "images/tricanter-movie/tricanter-movie-126.png" >
File: images/tricanter-movie/tricanter-movie-127.png Graphic file (type QTm)

<use  "images/tricanter-movie/tricanter-movie-127.png" >
File: images/tricanter-movie/tricanter-movie-128.png Graphic file (type QTm)

<use  "images/tricanter-movie/tricanter-movie-128.png" >
File: images/tricanter-movie/tricanter-movie-129.png Graphic file (type QTm)

<use  "images/tricanter-movie/tricanter-movie-129.png" >
File: images/tricanter-movie/tricanter-movie-130.png Graphic file (type QTm)

<use  "images/tricanter-movie/tricanter-movie-130.png" >
File: images/tricanter-movie/tricanter-movie-131.png Graphic file (type QTm)

<use  "images/tricanter-movie/tricanter-movie-131.png" >
File: images/tricanter-movie/tricanter-movie-132.png Graphic file (type QTm)

<use  "images/tricanter-movie/tricanter-movie-132.png" >
File: images/tricanter-movie/tricanter-movie-133.png Graphic file (type QTm)

<use  "images/tricanter-movie/tricanter-movie-133.png" >
File: images/tricanter-movie/tricanter-movie-134.png Graphic file (type QTm)

<use  "images/tricanter-movie/tricanter-movie-134.png" >
File: images/tricanter-movie/tricanter-movie-135.png Graphic file (type QTm)

<use  "images/tricanter-movie/tricanter-movie-135.png" >
File: images/tricanter-movie/tricanter-movie-136.png Graphic file (type QTm)

<use  "images/tricanter-movie/tricanter-movie-136.png" >
File: images/tricanter-movie/tricanter-movie-137.png Graphic file (type QTm)

<use  "images/tricanter-movie/tricanter-movie-137.png" >
File: images/tricanter-movie/tricanter-movie-138.png Graphic file (type QTm)

<use  "images/tricanter-movie/tricanter-movie-138.png" >
File: images/tricanter-movie/tricanter-movie-139.png Graphic file (type QTm)

<use  "images/tricanter-movie/tricanter-movie-139.png" >
File: images/tricanter-movie/tricanter-movie-140.png Graphic file (type QTm)

<use  "images/tricanter-movie/tricanter-movie-140.png" >
File: images/tricanter-movie/tricanter-movie-141.png Graphic file (type QTm)

<use  "images/tricanter-movie/tricanter-movie-141.png" >
File: images/tricanter-movie/tricanter-movie-142.png Graphic file (type QTm)

<use  "images/tricanter-movie/tricanter-movie-142.png" >
File: images/tricanter-movie/tricanter-movie-143.png Graphic file (type QTm)

<use  "images/tricanter-movie/tricanter-movie-143.png" >
File: images/tricanter-movie/tricanter-movie-144.png Graphic file (type QTm)

<use  "images/tricanter-movie/tricanter-movie-144.png" >
File: images/tricanter-movie/tricanter-movie-145.png Graphic file (type QTm)

<use  "images/tricanter-movie/tricanter-movie-145.png" >
File: images/tricanter-movie/tricanter-movie-146.png Graphic file (type QTm)

<use  "images/tricanter-movie/tricanter-movie-146.png" >
File: images/tricanter-movie/tricanter-movie-147.png Graphic file (type QTm)

<use  "images/tricanter-movie/tricanter-movie-147.png" >
File: images/tricanter-movie/tricanter-movie-148.png Graphic file (type QTm)

<use  "images/tricanter-movie/tricanter-movie-148.png" >
File: images/tricanter-movie/tricanter-movie-149.png Graphic file (type QTm)

<use  "images/tricanter-movie/tricanter-movie-149.png" >
File: images/tricanter-movie/tricanter-movie-150.png Graphic file (type QTm)

<use  "images/tricanter-movie/tricanter-movie-150.png" >
File: images/tricanter-movie/tricanter-movie-151.png Graphic file (type QTm)

<use  "images/tricanter-movie/tricanter-movie-151.png" >
File: images/tricanter-movie/tricanter-movie-152.png Graphic file (type QTm)

<use  "images/tricanter-movie/tricanter-movie-152.png" >
File: images/tricanter-movie/tricanter-movie-153.png Graphic file (type QTm)

<use  "images/tricanter-movie/tricanter-movie-153.png" >
File: images/tricanter-movie/tricanter-movie-154.png Graphic file (type QTm)

<use  "images/tricanter-movie/tricanter-movie-154.png" >
File: images/tricanter-movie/tricanter-movie-155.png Graphic file (type QTm)

<use  "images/tricanter-movie/tricanter-movie-155.png" >
File: images/tricanter-movie/tricanter-movie-156.png Graphic file (type QTm)

<use  "images/tricanter-movie/tricanter-movie-156.png" >
File: images/tricanter-movie/tricanter-movie-157.png Graphic file (type QTm)

<use  "images/tricanter-movie/tricanter-movie-157.png" >
File: images/tricanter-movie/tricanter-movie-158.png Graphic file (type QTm)

<use  "images/tricanter-movie/tricanter-movie-158.png" >
File: images/tricanter-movie/tricanter-movie-159.png Graphic file (type QTm)

<use  "images/tricanter-movie/tricanter-movie-159.png" >
File: images/tricanter-movie/tricanter-movie-160.png Graphic file (type QTm)

<use  "images/tricanter-movie/tricanter-movie-160.png" >
File: images/tricanter-movie/tricanter-movie-161.png Graphic file (type QTm)

<use  "images/tricanter-movie/tricanter-movie-161.png" >
File: images/tricanter-movie/tricanter-movie-162.png Graphic file (type QTm)

<use  "images/tricanter-movie/tricanter-movie-162.png" >
File: images/tricanter-movie/tricanter-movie-163.png Graphic file (type QTm)

<use  "images/tricanter-movie/tricanter-movie-163.png" >
File: images/tricanter-movie/tricanter-movie-164.png Graphic file (type QTm)

<use  "images/tricanter-movie/tricanter-movie-164.png" >
File: images/tricanter-movie/tricanter-movie-165.png Graphic file (type QTm)

<use  "images/tricanter-movie/tricanter-movie-165.png" >
File: images/tricanter-movie/tricanter-movie-166.png Graphic file (type QTm)

<use  "images/tricanter-movie/tricanter-movie-166.png" >
File: images/tricanter-movie/tricanter-movie-167.png Graphic file (type QTm)

<use  "images/tricanter-movie/tricanter-movie-167.png" >
File: images/tricanter-movie/tricanter-movie-168.png Graphic file (type QTm)

<use  "images/tricanter-movie/tricanter-movie-168.png" >
File: images/tricanter-movie/tricanter-movie-169.png Graphic file (type QTm)

<use  "images/tricanter-movie/tricanter-movie-169.png" >
File: images/tricanter-movie/tricanter-movie-170.png Graphic file (type QTm)

<use  "images/tricanter-movie/tricanter-movie-170.png" >
File: images/tricanter-movie/tricanter-movie-171.png Graphic file (type QTm)

<use  "images/tricanter-movie/tricanter-movie-171.png" >
File: images/tricanter-movie/tricanter-movie-172.png Graphic file (type QTm)

<use  "images/tricanter-movie/tricanter-movie-172.png" >
File: images/tricanter-movie/tricanter-movie-173.png Graphic file (type QTm)

<use  "images/tricanter-movie/tricanter-movie-173.png" >
File: images/tricanter-movie/tricanter-movie-174.png Graphic file (type QTm)

<use  "images/tricanter-movie/tricanter-movie-174.png" >
File: images/tricanter-movie/tricanter-movie-175.png Graphic file (type QTm)

<use  "images/tricanter-movie/tricanter-movie-175.png" >
File: images/tricanter-movie/tricanter-movie-176.png Graphic file (type QTm)

<use  "images/tricanter-movie/tricanter-movie-176.png" >
File: images/tricanter-movie/tricanter-movie-177.png Graphic file (type QTm)

<use  "images/tricanter-movie/tricanter-movie-177.png" >
File: images/tricanter-movie/tricanter-movie-178.png Graphic file (type QTm)

<use  "images/tricanter-movie/tricanter-movie-178.png" >
File: images/tricanter-movie/tricanter-movie-179.png Graphic file (type QTm)

<use  "images/tricanter-movie/tricanter-movie-179.png" >
File: images/tricanter-movie/tricanter-movie-180.png Graphic file (type QTm)

<use  "images/tricanter-movie/tricanter-movie-180.png" >
File: images/tricanter-movie/tricanter-movie-181.png Graphic file (type QTm)

<use  "images/tricanter-movie/tricanter-movie-181.png" >
File: images/tricanter-movie/tricanter-movie-182.png Graphic file (type QTm)

<use  "images/tricanter-movie/tricanter-movie-182.png" >
File: images/tricanter-movie/tricanter-movie-183.png Graphic file (type QTm)

<use  "images/tricanter-movie/tricanter-movie-183.png" >
File: images/tricanter-movie/tricanter-movie-184.png Graphic file (type QTm)

<use  "images/tricanter-movie/tricanter-movie-184.png" >
File: images/tricanter-movie/tricanter-movie-185.png Graphic file (type QTm)

<use  "images/tricanter-movie/tricanter-movie-185.png" >
File: images/tricanter-movie/tricanter-movie-186.png Graphic file (type QTm)

<use  "images/tricanter-movie/tricanter-movie-186.png" >
File: images/tricanter-movie/tricanter-movie-187.png Graphic file (type QTm)

<use  "images/tricanter-movie/tricanter-movie-187.png" >
File: images/tricanter-movie/tricanter-movie-188.png Graphic file (type QTm)

<use  "images/tricanter-movie/tricanter-movie-188.png" >
File: images/tricanter-movie/tricanter-movie-189.png Graphic file (type QTm)

<use  "images/tricanter-movie/tricanter-movie-189.png" >
File: images/tricanter-movie/tricanter-movie-190.png Graphic file (type QTm)

<use  "images/tricanter-movie/tricanter-movie-190.png" >
File: images/tricanter-movie/tricanter-movie-191.png Graphic file (type QTm)

<use  "images/tricanter-movie/tricanter-movie-191.png" >
File: images/tricanter-movie/tricanter-movie-192.png Graphic file (type QTm)

<use  "images/tricanter-movie/tricanter-movie-192.png" >
File: images/tricanter-movie/tricanter-movie-193.png Graphic file (type QTm)

<use  "images/tricanter-movie/tricanter-movie-193.png" >
File: images/tricanter-movie/tricanter-movie-194.png Graphic file (type QTm)

<use  "images/tricanter-movie/tricanter-movie-194.png" >
File: images/tricanter-movie/tricanter-movie-195.png Graphic file (type QTm)

<use  "images/tricanter-movie/tricanter-movie-195.png" >
File: images/tricanter-movie/tricanter-movie-196.png Graphic file (type QTm)

<use  "images/tricanter-movie/tricanter-movie-196.png" >
File: images/tricanter-movie/tricanter-movie-197.png Graphic file (type QTm)

<use  "images/tricanter-movie/tricanter-movie-197.png" >
File: images/tricanter-movie/tricanter-movie-198.png Graphic file (type QTm)

<use  "images/tricanter-movie/tricanter-movie-198.png" >
File: images/tricanter-movie/tricanter-movie-199.png Graphic file (type QTm)

<use  "images/tricanter-movie/tricanter-movie-199.png" >
File: images/tricanter-movie/tricanter-movie-200.png Graphic file (type QTm)

<use  "images/tricanter-movie/tricanter-movie-200.png" >
File: images/tricanter-movie/tricanter-movie-201.png Graphic file (type QTm)

<use  "images/tricanter-movie/tricanter-movie-201.png" >
File: images/tricanter-movie/tricanter-movie-202.png Graphic file (type QTm)

<use  "images/tricanter-movie/tricanter-movie-202.png" >
File: images/tricanter-movie/tricanter-movie-203.png Graphic file (type QTm)

<use  "images/tricanter-movie/tricanter-movie-203.png" >
File: images/tricanter-movie/tricanter-movie-204.png Graphic file (type QTm)

<use  "images/tricanter-movie/tricanter-movie-204.png" >
File: images/tricanter-movie/tricanter-movie-205.png Graphic file (type QTm)

<use  "images/tricanter-movie/tricanter-movie-205.png" >
File: images/tricanter-movie/tricanter-movie-206.png Graphic file (type QTm)

<use  "images/tricanter-movie/tricanter-movie-206.png" >
File: images/tricanter-movie/tricanter-movie-207.png Graphic file (type QTm)

<use  "images/tricanter-movie/tricanter-movie-207.png" >
File: images/tricanter-movie/tricanter-movie-208.png Graphic file (type QTm)

<use  "images/tricanter-movie/tricanter-movie-208.png" >
File: images/tricanter-movie/tricanter-movie-209.png Graphic file (type QTm)

<use  "images/tricanter-movie/tricanter-movie-209.png" >
File: images/tricanter-movie/tricanter-movie-210.png Graphic file (type QTm)

<use  "images/tricanter-movie/tricanter-movie-210.png" >
File: images/tricanter-movie/tricanter-movie-211.png Graphic file (type QTm)

<use  "images/tricanter-movie/tricanter-movie-211.png" >
File: images/tricanter-movie/tricanter-movie-212.png Graphic file (type QTm)

<use  "images/tricanter-movie/tricanter-movie-212.png" >
File: images/tricanter-movie/tricanter-movie-213.png Graphic file (type QTm)

<use  "images/tricanter-movie/tricanter-movie-213.png" >
File: images/tricanter-movie/tricanter-movie-214.png Graphic file (type QTm)

<use  "images/tricanter-movie/tricanter-movie-214.png" >
File: images/tricanter-movie/tricanter-movie-215.png Graphic file (type QTm)

<use  "images/tricanter-movie/tricanter-movie-215.png" >
File: images/tricanter-movie/tricanter-movie-216.png Graphic file (type QTm)

<use  "images/tricanter-movie/tricanter-movie-216.png" >
File: images/tricanter-movie/tricanter-movie-217.png Graphic file (type QTm)

<use  "images/tricanter-movie/tricanter-movie-217.png" >
File: images/tricanter-movie/tricanter-movie-218.png Graphic file (type QTm)

<use  "images/tricanter-movie/tricanter-movie-218.png" >
File: images/tricanter-movie/tricanter-movie-219.png Graphic file (type QTm)

<use  "images/tricanter-movie/tricanter-movie-219.png" >
File: images/tricanter-movie/tricanter-movie-220.png Graphic file (type QTm)

<use  "images/tricanter-movie/tricanter-movie-220.png" >
File: images/tricanter-movie/tricanter-movie-221.png Graphic file (type QTm)

<use  "images/tricanter-movie/tricanter-movie-221.png" >
File: images/tricanter-movie/tricanter-movie-222.png Graphic file (type QTm)

<use  "images/tricanter-movie/tricanter-movie-222.png" >
File: images/tricanter-movie/tricanter-movie-223.png Graphic file (type QTm)

<use  "images/tricanter-movie/tricanter-movie-223.png" >
File: images/tricanter-movie/tricanter-movie-224.png Graphic file (type QTm)

<use  "images/tricanter-movie/tricanter-movie-224.png" >
File: images/tricanter-movie/tricanter-movie-225.png Graphic file (type QTm)

<use  "images/tricanter-movie/tricanter-movie-225.png" >
File: images/tricanter-movie/tricanter-movie-226.png Graphic file (type QTm)

<use  "images/tricanter-movie/tricanter-movie-226.png" >
File: images/tricanter-movie/tricanter-movie-227.png Graphic file (type QTm)

<use  "images/tricanter-movie/tricanter-movie-227.png" >
File: images/tricanter-movie/tricanter-movie-228.png Graphic file (type QTm)

<use  "images/tricanter-movie/tricanter-movie-228.png" >
File: images/tricanter-movie/tricanter-movie-229.png Graphic file (type QTm)

<use  "images/tricanter-movie/tricanter-movie-229.png" >
File: images/tricanter-movie/tricanter-movie-230.png Graphic file (type QTm)

<use  "images/tricanter-movie/tricanter-movie-230.png" >
File: images/tricanter-movie/tricanter-movie-231.png Graphic file (type QTm)

<use  "images/tricanter-movie/tricanter-movie-231.png" >
File: images/tricanter-movie/tricanter-movie-232.png Graphic file (type QTm)

<use  "images/tricanter-movie/tricanter-movie-232.png" >
File: images/tricanter-movie/tricanter-movie-233.png Graphic file (type QTm)

<use  "images/tricanter-movie/tricanter-movie-233.png" >
File: images/tricanter-movie/tricanter-movie-234.png Graphic file (type QTm)

<use  "images/tricanter-movie/tricanter-movie-234.png" >
File: images/tricanter-movie/tricanter-movie-235.png Graphic file (type QTm)

<use  "images/tricanter-movie/tricanter-movie-235.png" >
File: images/tricanter-movie/tricanter-movie-236.png Graphic file (type QTm)

<use  "images/tricanter-movie/tricanter-movie-236.png" >
File: images/tricanter-movie/tricanter-movie-237.png Graphic file (type QTm)

<use  "images/tricanter-movie/tricanter-movie-237.png" >
File: images/tricanter-movie/tricanter-movie-238.png Graphic file (type QTm)

<use  "images/tricanter-movie/tricanter-movie-238.png" >
File: images/tricanter-movie/tricanter-movie-239.png Graphic file (type QTm)

<use  "images/tricanter-movie/tricanter-movie-239.png" >
File: images/tricanter-movie/tricanter-movie-240.png Graphic file (type QTm)

<use  "images/tricanter-movie/tricanter-movie-240.png" >
File: images/tricanter-movie/tricanter-movie-241.png Graphic file (type QTm)

<use  "images/tricanter-movie/tricanter-movie-241.png" >
File: images/tricanter-movie/tricanter-movie-242.png Graphic file (type QTm)

<use  "images/tricanter-movie/tricanter-movie-242.png" >
File: images/tricanter-movie/tricanter-movie-243.png Graphic file (type QTm)

<use  "images/tricanter-movie/tricanter-movie-243.png" >
File: images/tricanter-movie/tricanter-movie-244.png Graphic file (type QTm)

<use  "images/tricanter-movie/tricanter-movie-244.png" >
File: images/tricanter-movie/tricanter-movie-245.png Graphic file (type QTm)

<use  "images/tricanter-movie/tricanter-movie-245.png" >
File: images/tricanter-movie/tricanter-movie-246.png Graphic file (type QTm)

<use  "images/tricanter-movie/tricanter-movie-246.png" >
File: images/tricanter-movie/tricanter-movie-247.png Graphic file (type QTm)

<use  "images/tricanter-movie/tricanter-movie-247.png" >
File: images/tricanter-movie/tricanter-movie-248.png Graphic file (type QTm)

<use  "images/tricanter-movie/tricanter-movie-248.png" >
File: images/tricanter-movie/tricanter-movie-249.png Graphic file (type QTm)

<use  "images/tricanter-movie/tricanter-movie-249.png" >
File: images/tricanter-movie/tricanter-movie-250.png Graphic file (type QTm)

<use  "images/tricanter-movie/tricanter-movie-250.png" >
File: images/tricanter-movie/tricanter-movie-251.png Graphic file (type QTm)

<use  "images/tricanter-movie/tricanter-movie-251.png" >
File: images/tricanter-movie/tricanter-movie-252.png Graphic file (type QTm)

<use  "images/tricanter-movie/tricanter-movie-252.png" >
File: images/tricanter-movie/tricanter-movie-253.png Graphic file (type QTm)

<use  "images/tricanter-movie/tricanter-movie-253.png" >
File: images/tricanter-movie/tricanter-movie-254.png Graphic file (type QTm)

<use  "images/tricanter-movie/tricanter-movie-254.png" >
File: images/tricanter-movie/tricanter-movie-255.png Graphic file (type QTm)

<use  "images/tricanter-movie/tricanter-movie-255.png" >
File: images/tricanter-movie/tricanter-movie-256.png Graphic file (type QTm)

<use  "images/tricanter-movie/tricanter-movie-256.png" >
File: images/tricanter-movie/tricanter-movie-257.png Graphic file (type QTm)

<use  "images/tricanter-movie/tricanter-movie-257.png" >
File: images/tricanter-movie/tricanter-movie-258.png Graphic file (type QTm)

<use  "images/tricanter-movie/tricanter-movie-258.png" >
File: images/tricanter-movie/tricanter-movie-259.png Graphic file (type QTm)

<use  "images/tricanter-movie/tricanter-movie-259.png" >
File: images/tricanter-movie/tricanter-movie-260.png Graphic file (type QTm)

<use  "images/tricanter-movie/tricanter-movie-260.png" >
File: images/tricanter-movie/tricanter-movie-261.png Graphic file (type QTm)

<use  "images/tricanter-movie/tricanter-movie-261.png" >
File: images/tricanter-movie/tricanter-movie-262.png Graphic file (type QTm)

<use  "images/tricanter-movie/tricanter-movie-262.png" >
File: images/tricanter-movie/tricanter-movie-263.png Graphic file (type QTm)

<use  "images/tricanter-movie/tricanter-movie-263.png" >
File: images/tricanter-movie/tricanter-movie-264.png Graphic file (type QTm)

<use  "images/tricanter-movie/tricanter-movie-264.png" >
File: images/tricanter-movie/tricanter-movie-265.png Graphic file (type QTm)

<use  "images/tricanter-movie/tricanter-movie-265.png" >
File: images/tricanter-movie/tricanter-movie-266.png Graphic file (type QTm)

<use  "images/tricanter-movie/tricanter-movie-266.png" >
File: images/tricanter-movie/tricanter-movie-267.png Graphic file (type QTm)

<use  "images/tricanter-movie/tricanter-movie-267.png" >
File: images/tricanter-movie/tricanter-movie-268.png Graphic file (type QTm)

<use  "images/tricanter-movie/tricanter-movie-268.png" >
File: images/tricanter-movie/tricanter-movie-269.png Graphic file (type QTm)

<use  "images/tricanter-movie/tricanter-movie-269.png" >
File: images/tricanter-movie/tricanter-movie-270.png Graphic file (type QTm)

<use  "images/tricanter-movie/tricanter-movie-270.png" >
File: images/tricanter-movie/tricanter-movie-271.png Graphic file (type QTm)

<use  "images/tricanter-movie/tricanter-movie-271.png" >
File: images/tricanter-movie/tricanter-movie-272.png Graphic file (type QTm)

<use  "images/tricanter-movie/tricanter-movie-272.png" >
File: images/tricanter-movie/tricanter-movie-273.png Graphic file (type QTm)

<use  "images/tricanter-movie/tricanter-movie-273.png" >
File: images/tricanter-movie/tricanter-movie-274.png Graphic file (type QTm)

<use  "images/tricanter-movie/tricanter-movie-274.png" >
File: images/tricanter-movie/tricanter-movie-275.png Graphic file (type QTm)

<use  "images/tricanter-movie/tricanter-movie-275.png" >
File: images/tricanter-movie/tricanter-movie-276.png Graphic file (type QTm)

<use  "images/tricanter-movie/tricanter-movie-276.png" >
File: images/tricanter-movie/tricanter-movie-277.png Graphic file (type QTm)

<use  "images/tricanter-movie/tricanter-movie-277.png" >
File: images/tricanter-movie/tricanter-movie-278.png Graphic file (type QTm)

<use  "images/tricanter-movie/tricanter-movie-278.png" >
File: images/tricanter-movie/tricanter-movie-279.png Graphic file (type QTm)

<use  "images/tricanter-movie/tricanter-movie-279.png" >
File: images/tricanter-movie/tricanter-movie-280.png Graphic file (type QTm)

<use  "images/tricanter-movie/tricanter-movie-280.png" >
File: images/tricanter-movie/tricanter-movie-281.png Graphic file (type QTm)

<use  "images/tricanter-movie/tricanter-movie-281.png" >
File: images/tricanter-movie/tricanter-movie-282.png Graphic file (type QTm)

<use  "images/tricanter-movie/tricanter-movie-282.png" >
File: images/tricanter-movie/tricanter-movie-283.png Graphic file (type QTm)

<use  "images/tricanter-movie/tricanter-movie-283.png" >
File: images/tricanter-movie/tricanter-movie-284.png Graphic file (type QTm)

<use  "images/tricanter-movie/tricanter-movie-284.png" >
File: images/tricanter-movie/tricanter-movie-285.png Graphic file (type QTm)

<use  "images/tricanter-movie/tricanter-movie-285.png" >
File: images/tricanter-movie/tricanter-movie-286.png Graphic file (type QTm)

<use  "images/tricanter-movie/tricanter-movie-286.png" >
File: images/tricanter-movie/tricanter-movie-287.png Graphic file (type QTm)

<use  "images/tricanter-movie/tricanter-movie-287.png" >
File: images/tricanter-movie/tricanter-movie-288.png Graphic file (type QTm)

<use  "images/tricanter-movie/tricanter-movie-288.png" >
File: images/tricanter-movie/tricanter-movie-289.png Graphic file (type QTm)

<use  "images/tricanter-movie/tricanter-movie-289.png" >
File: images/tricanter-movie/tricanter-movie-290.png Graphic file (type QTm)

<use  "images/tricanter-movie/tricanter-movie-290.png" >
File: images/tricanter-movie/tricanter-movie-291.png Graphic file (type QTm)

<use  "images/tricanter-movie/tricanter-movie-291.png" >
File: images/tricanter-movie/tricanter-movie-292.png Graphic file (type QTm)

<use  "images/tricanter-movie/tricanter-movie-292.png" >
File: images/tricanter-movie/tricanter-movie-293.png Graphic file (type QTm)

<use  "images/tricanter-movie/tricanter-movie-293.png" >
File: images/tricanter-movie/tricanter-movie-294.png Graphic file (type QTm)

<use  "images/tricanter-movie/tricanter-movie-294.png" >
File: images/tricanter-movie/tricanter-movie-295.png Graphic file (type QTm)

<use  "images/tricanter-movie/tricanter-movie-295.png" >
File: images/tricanter-movie/tricanter-movie-296.png Graphic file (type QTm)

<use  "images/tricanter-movie/tricanter-movie-296.png" >
File: images/tricanter-movie/tricanter-movie-297.png Graphic file (type QTm)

<use  "images/tricanter-movie/tricanter-movie-297.png" >
File: images/tricanter-movie/tricanter-movie-298.png Graphic file (type QTm)

<use  "images/tricanter-movie/tricanter-movie-298.png" >
File: images/tricanter-movie/tricanter-movie-299.png Graphic file (type QTm)

<use  "images/tricanter-movie/tricanter-movie-299.png" >
File: images/tricanter-movie/tricanter-movie-300.png Graphic file (type QTm)

<use  "images/tricanter-movie/tricanter-movie-300.png" >
File: images/tricanter-movie/tricanter-movie-301.png Graphic file (type QTm)

<use  "images/tricanter-movie/tricanter-movie-301.png" >
File: images/tricanter-movie/tricanter-movie-302.png Graphic file (type QTm)

<use  "images/tricanter-movie/tricanter-movie-302.png" >
File: images/tricanter-movie/tricanter-movie-303.png Graphic file (type QTm)

<use  "images/tricanter-movie/tricanter-movie-303.png" >
File: images/tricanter-movie/tricanter-movie-304.png Graphic file (type QTm)

<use  "images/tricanter-movie/tricanter-movie-304.png" >
File: images/tricanter-movie/tricanter-movie-305.png Graphic file (type QTm)

<use  "images/tricanter-movie/tricanter-movie-305.png" >
File: images/tricanter-movie/tricanter-movie-306.png Graphic file (type QTm)

<use  "images/tricanter-movie/tricanter-movie-306.png" >
File: images/tricanter-movie/tricanter-movie-307.png Graphic file (type QTm)

<use  "images/tricanter-movie/tricanter-movie-307.png" >
File: images/tricanter-movie/tricanter-movie-308.png Graphic file (type QTm)

<use  "images/tricanter-movie/tricanter-movie-308.png" >
File: images/tricanter-movie/tricanter-movie-309.png Graphic file (type QTm)

<use  "images/tricanter-movie/tricanter-movie-309.png" >
File: images/tricanter-movie/tricanter-movie-310.png Graphic file (type QTm)

<use  "images/tricanter-movie/tricanter-movie-310.png" >
File: images/tricanter-movie/tricanter-movie-311.png Graphic file (type QTm)

<use  "images/tricanter-movie/tricanter-movie-311.png" >
File: images/tricanter-movie/tricanter-movie-312.png Graphic file (type QTm)

<use  "images/tricanter-movie/tricanter-movie-312.png" >
File: images/tricanter-movie/tricanter-movie-313.png Graphic file (type QTm)

<use  "images/tricanter-movie/tricanter-movie-313.png" >
File: images/tricanter-movie/tricanter-movie-314.png Graphic file (type QTm)

<use  "images/tricanter-movie/tricanter-movie-314.png" >
File: images/tricanter-movie/tricanter-movie-315.png Graphic file (type QTm)

<use  "images/tricanter-movie/tricanter-movie-315.png" >
File: images/tricanter-movie/tricanter-movie-316.png Graphic file (type QTm)

<use  "images/tricanter-movie/tricanter-movie-316.png" >
File: images/tricanter-movie/tricanter-movie-317.png Graphic file (type QTm)

<use  "images/tricanter-movie/tricanter-movie-317.png" >
File: images/tricanter-movie/tricanter-movie-318.png Graphic file (type QTm)

<use  "images/tricanter-movie/tricanter-movie-318.png" >
File: images/tricanter-movie/tricanter-movie-319.png Graphic file (type QTm)

<use  "images/tricanter-movie/tricanter-movie-319.png" >
File: images/tricanter-movie/tricanter-movie-320.png Graphic file (type QTm)

<use  "images/tricanter-movie/tricanter-movie-320.png" >
File: images/tricanter-movie/tricanter-movie-321.png Graphic file (type QTm)

<use  "images/tricanter-movie/tricanter-movie-321.png" >
File: images/tricanter-movie/tricanter-movie-322.png Graphic file (type QTm)

<use  "images/tricanter-movie/tricanter-movie-322.png" >
File: images/tricanter-movie/tricanter-movie-323.png Graphic file (type QTm)

<use  "images/tricanter-movie/tricanter-movie-323.png" >
File: images/tricanter-movie/tricanter-movie-324.png Graphic file (type QTm)

<use  "images/tricanter-movie/tricanter-movie-324.png" >
File: images/tricanter-movie/tricanter-movie-325.png Graphic file (type QTm)

<use  "images/tricanter-movie/tricanter-movie-325.png" >
File: images/tricanter-movie/tricanter-movie-326.png Graphic file (type QTm)

<use  "images/tricanter-movie/tricanter-movie-326.png" >
File: images/tricanter-movie/tricanter-movie-327.png Graphic file (type QTm)

<use  "images/tricanter-movie/tricanter-movie-327.png" >
File: images/tricanter-movie/tricanter-movie-328.png Graphic file (type QTm)

<use  "images/tricanter-movie/tricanter-movie-328.png" >
File: images/tricanter-movie/tricanter-movie-329.png Graphic file (type QTm)

<use  "images/tricanter-movie/tricanter-movie-329.png" >
File: images/tricanter-movie/tricanter-movie-330.png Graphic file (type QTm)

<use  "images/tricanter-movie/tricanter-movie-330.png" >
File: images/tricanter-movie/tricanter-movie-331.png Graphic file (type QTm)

<use  "images/tricanter-movie/tricanter-movie-331.png" >
File: images/tricanter-movie/tricanter-movie-332.png Graphic file (type QTm)

<use  "images/tricanter-movie/tricanter-movie-332.png" >
File: images/tricanter-movie/tricanter-movie-333.png Graphic file (type QTm)

<use  "images/tricanter-movie/tricanter-movie-333.png" >
File: images/tricanter-movie/tricanter-movie-334.png Graphic file (type QTm)

<use  "images/tricanter-movie/tricanter-movie-334.png" >
File: images/tricanter-movie/tricanter-movie-335.png Graphic file (type QTm)

<use  "images/tricanter-movie/tricanter-movie-335.png" >
File: images/tricanter-movie/tricanter-movie-336.png Graphic file (type QTm)

<use  "images/tricanter-movie/tricanter-movie-336.png" >
File: images/tricanter-movie/tricanter-movie-337.png Graphic file (type QTm)

<use  "images/tricanter-movie/tricanter-movie-337.png" >
File: images/tricanter-movie/tricanter-movie-338.png Graphic file (type QTm)

<use  "images/tricanter-movie/tricanter-movie-338.png" >
File: images/tricanter-movie/tricanter-movie-339.png Graphic file (type QTm)

<use  "images/tricanter-movie/tricanter-movie-339.png" >
File: images/tricanter-movie/tricanter-movie-340.png Graphic file (type QTm)

<use  "images/tricanter-movie/tricanter-movie-340.png" >
File: images/tricanter-movie/tricanter-movie-341.png Graphic file (type QTm)

<use  "images/tricanter-movie/tricanter-movie-341.png" >
File: images/tricanter-movie/tricanter-movie-342.png Graphic file (type QTm)

<use  "images/tricanter-movie/tricanter-movie-342.png" >
File: images/tricanter-movie/tricanter-movie-343.png Graphic file (type QTm)

<use  "images/tricanter-movie/tricanter-movie-343.png" >
File: images/tricanter-movie/tricanter-movie-344.png Graphic file (type QTm)

<use  "images/tricanter-movie/tricanter-movie-344.png" >
File: images/tricanter-movie/tricanter-movie-345.png Graphic file (type QTm)

<use  "images/tricanter-movie/tricanter-movie-345.png" >
File: images/tricanter-movie/tricanter-movie-346.png Graphic file (type QTm)

<use  "images/tricanter-movie/tricanter-movie-346.png" >
File: images/tricanter-movie/tricanter-movie-347.png Graphic file (type QTm)

<use  "images/tricanter-movie/tricanter-movie-347.png" >
File: images/tricanter-movie/tricanter-movie-348.png Graphic file (type QTm)

<use  "images/tricanter-movie/tricanter-movie-348.png" >
File: images/tricanter-movie/tricanter-movie-349.png Graphic file (type QTm)

<use  "images/tricanter-movie/tricanter-movie-349.png" >
File: images/tricanter-movie/tricanter-movie-350.png Graphic file (type QTm)

<use  "images/tricanter-movie/tricanter-movie-350.png" >
File: images/tricanter-movie/tricanter-movie-351.png Graphic file (type QTm)

<use  "images/tricanter-movie/tricanter-movie-351.png" >
File: images/tricanter-movie/tricanter-movie-352.png Graphic file (type QTm)

<use  "images/tricanter-movie/tricanter-movie-352.png" >
File: images/tricanter-movie/tricanter-movie-353.png Graphic file (type QTm)

<use  "images/tricanter-movie/tricanter-movie-353.png" >
File: images/tricanter-movie/tricanter-movie-354.png Graphic file (type QTm)

<use  "images/tricanter-movie/tricanter-movie-354.png" >
File: images/tricanter-movie/tricanter-movie-355.png Graphic file (type QTm)

<use  "images/tricanter-movie/tricanter-movie-355.png" >
File: images/tricanter-movie/tricanter-movie-356.png Graphic file (type QTm)

<use  "images/tricanter-movie/tricanter-movie-356.png" >
File: images/tricanter-movie/tricanter-movie-357.png Graphic file (type QTm)

<use  "images/tricanter-movie/tricanter-movie-357.png" >
File: images/tricanter-movie/tricanter-movie-358.png Graphic file (type QTm)

<use  "images/tricanter-movie/tricanter-movie-358.png" >
File: images/tricanter-movie/tricanter-movie-359.png Graphic file (type QTm)

<use  "images/tricanter-movie/tricanter-movie-359.png" >
File: images/tricanter-movie/tricanter-movie-360.png Graphic file (type QTm)

<use  "images/tricanter-movie/tricanter-movie-360.png" >
File: images/tricanter-movie/tricanter-movie-361.png Graphic file (type QTm)

<use  "images/tricanter-movie/tricanter-movie-361.png" >
File: images/tricanter-movie/tricanter-movie-362.png Graphic file (type QTm)

<use  "images/tricanter-movie/tricanter-movie-362.png" >
File: images/tricanter-movie/tricanter-movie-363.png Graphic file (type QTm)

<use  "images/tricanter-movie/tricanter-movie-363.png" >
File: images/tricanter-movie/tricanter-movie-364.png Graphic file (type QTm)

<use  "images/tricanter-movie/tricanter-movie-364.png" >
File: images/tricanter-movie/tricanter-movie-365.png Graphic file (type QTm)

<use  "images/tricanter-movie/tricanter-movie-365.png" >
File: images/tricanter-movie/tricanter-movie-366.png Graphic file (type QTm)

<use  "images/tricanter-movie/tricanter-movie-366.png" >
File: images/tricanter-movie/tricanter-movie-367.png Graphic file (type QTm)

<use  "images/tricanter-movie/tricanter-movie-367.png" >
File: images/tricanter-movie/tricanter-movie-368.png Graphic file (type QTm)

<use  "images/tricanter-movie/tricanter-movie-368.png" >
File: images/tricanter-movie/tricanter-movie-369.png Graphic file (type QTm)

<use  "images/tricanter-movie/tricanter-movie-369.png" >
File: images/tricanter-movie/tricanter-movie-370.png Graphic file (type QTm)

<use  "images/tricanter-movie/tricanter-movie-370.png" >
File: images/tricanter-movie/tricanter-movie-371.png Graphic file (type QTm)

<use  "images/tricanter-movie/tricanter-movie-371.png" >
File: images/tricanter-movie/tricanter-movie-372.png Graphic file (type QTm)

<use  "images/tricanter-movie/tricanter-movie-372.png" >
File: images/tricanter-movie/tricanter-movie-373.png Graphic file (type QTm)

<use  "images/tricanter-movie/tricanter-movie-373.png" >
File: images/tricanter-movie/tricanter-movie-374.png Graphic file (type QTm)

<use  "images/tricanter-movie/tricanter-movie-374.png" >
File: images/tricanter-movie/tricanter-movie-375.png Graphic file (type QTm)

<use  "images/tricanter-movie/tricanter-movie-375.png" >
File: images/tricanter-movie/tricanter-movie-376.png Graphic file (type QTm)

<use  "images/tricanter-movie/tricanter-movie-376.png" >
File: images/tricanter-movie/tricanter-movie-377.png Graphic file (type QTm)

<use  "images/tricanter-movie/tricanter-movie-377.png" >
File: images/tricanter-movie/tricanter-movie-378.png Graphic file (type QTm)

<use  "images/tricanter-movie/tricanter-movie-378.png" >
File: images/tricanter-movie/tricanter-movie-379.png Graphic file (type QTm)

<use  "images/tricanter-movie/tricanter-movie-379.png" >
File: images/tricanter-movie/tricanter-movie-380.png Graphic file (type QTm)

<use  "images/tricanter-movie/tricanter-movie-380.png" >
File: images/tricanter-movie/tricanter-movie-381.png Graphic file (type QTm)

<use  "images/tricanter-movie/tricanter-movie-381.png" >
File: images/tricanter-movie/tricanter-movie-382.png Graphic file (type QTm)

<use  "images/tricanter-movie/tricanter-movie-382.png" >
File: images/tricanter-movie/tricanter-movie-383.png Graphic file (type QTm)

<use  "images/tricanter-movie/tricanter-movie-383.png" >
File: images/tricanter-movie/tricanter-movie-384.png Graphic file (type QTm)

<use  "images/tricanter-movie/tricanter-movie-384.png" >
Package atveryend Info: Empty hook `BeforeClearDocument' on input line 87.
Package atenddvi Info: Last page = 4.
 [3]
Package atveryend Info: Executing hook `AfterLastShipout' on input line 87.
 (./document.aux)
Package atveryend Info: Empty hook `AtVeryEndDocument' on input line 87.
Package atveryend Info: Empty hook `AtEndAfterFileList' on input line 87.
Package atveryend Info: Empty hook `AtVeryVeryEnd' on input line 87.
 ) 
Here is how much of TeX's memory you used:
 25373 strings out of 494913
 473447 string characters out of 6171530
 817509 words of memory out of 5000000
 28137 multiletter control sequences out of 15000+600000
 4120 words of font info for 30 fonts, out of 8000000 for 9000
 398 hyphenation exceptions out of 8191
 48i,7n,61p,10414b,382s stack positions out of 5000i,500n,10000p,200000b,80000s

Output written on document.pdf (4 pages).
